<html>
<head>
<title>TestNG:  Test1</title>
<link href="../testng.css" rel="stylesheet" type="text/css" />
<link href="../my-testng.css" rel="stylesheet" type="text/css" />

<style type="text/css">
.log { display: none;} 
.stack-trace { display: none;} 
</style>
<script type="text/javascript">
<!--
function flip(e) {
  current = e.style.display;
  if (current == 'block') {
    e.style.display = 'none';
    return 0;
  }
  else {
    e.style.display = 'block';
    return 1;
  }
}

function toggleBox(szDivId, elem, msg1, msg2)
{
  var res = -1;  if (document.getElementById) {
    res = flip(document.getElementById(szDivId));
  }
  else if (document.all) {
    // this is the way old msie versions work
    res = flip(document.all[szDivId]);
  }
  if(elem) {
    if(res == 0) elem.innerHTML = msg1; else elem.innerHTML = msg2;
  }

}

function toggleAllBoxes() {
  if (document.getElementsByTagName) {
    d = document.getElementsByTagName('div');
    for (i = 0; i < d.length; i++) {
      if (d[i].className == 'log') {
        flip(d[i]);
      }
    }
  }
}

// -->
</script>

</head>
<body>
<h2 align='center'>Test1</h2><table border='1' align="center">
<tr>
<td>Tests passed/Failed/Skipped:</td><td>1/1/0</td>
</tr><tr>
<td>Started on:</td><td>Fri Sep 07 12:40:56 CAT 2018</td>
</tr>
<tr><td>Total time:</td><td>267 seconds (267909 ms)</td>
</tr><tr>
<td>Included groups:</td><td></td>
</tr><tr>
<td>Excluded groups:</td><td></td>
</tr>
</table><p/>
<small><i>(Hover the method name to see the test class name)</i></small><p/>
<table width='100%' border='1' class='invocation-failed'>
<tr><td colspan='4' align='center'><b>FAILED TESTS</b></td></tr>
<tr><td><b>Test method</b></td>
<td width="30%"><b>Exception</b></td>
<td width="10%"><b>Time (seconds)</b></td>
<td><b>Instance</b></td>
</tr>
<tr>
<td title='com.TestScripts.Tc_04_PaymentImport.evaluateTestcase()'><b>evaluateTestcase</b><br>Test class: com.TestScripts.Tc_04_PaymentImport</td>
<td><div><pre>org.openqa.selenium.WebDriverException: unknown error: Element &lt;button class=&quot;btn btn-primary&quot; style=&quot;margin-left: 0px;&quot;&gt;...&lt;/button&gt; is not clickable at point (862, 325). Other element would receive the click: &lt;li style=&quot;overflow: hidden; background: url(&amp;quot;data:image/png;base64,iVBORw0KGgoAAAANSUhEUgAAABsAAAAoCAYAAAAPOoFWAAAAGXRFWHRTb2Z0d2FyZQBBZG9iZSBJbWFnZVJlYWR5ccllPAAAAPZJREFUeNq81tsOgjAMANB2ov7/7ypaN7IlIwi9rGuT8QSc9EIDAsAznxvY4pXPKr05RUE5MEVB+TyWfCEl9LZApYopCmo9C4FKSMtYoI8Bwv79aQJU4l6hXXCZrQbokJEksxHo9KMOgc6w1atHXM8K9DVC7FQnJ0i8iK3QooGgbnyKgMDygBWyYFZoqx4qS27KqLZJjA1D0jK6QJcYEQEiWv9PGkTsbqxQ8oT+ZtZB6AkdsJnQDnMoHXHLGKOgDYuCWmYhEERCI5gaamW0bnHdA3k2ltlIN+2qKRyCND0bhqSYCyTB3CAOc4WusBEIpkeBuPgJMAAX8Hs1NfqHRgAAAABJRU5ErkJggg==&amp;quot;) left top repeat-x scroll rgb(255, 234, 168); border-radius: 5px; border: 1px solid rgb(255, 194, 55); box-shadow: rgba(0, 0, 0, 0.1) 0px 2px 4px; color: rgb(130, 98, 0); width: 310px; height: 1.86742px;&quot; class=&quot;i-am-closing-now&quot;&gt;...&lt;/li&gt;
  (Session info: chrome=68.0.3440.106)
  (Driver info: chromedriver=2.36.540470 (e522d04694c7ebea4ba8821272dbef4f9b818c91),platform=Windows NT 10.0.15063 x86_64) (WARNING: The server did not provide any stacktrace information)
Command duration or timeout: 40 milliseconds
Build info: version: &apos;2.53.0&apos;, revision: &apos;35ae25b1534ae328c771e0856c93e187490ca824&apos;, time: &apos;2016-03-15 10:43:46&apos;
System info: host: &apos;SriniR_Dell&apos;, ip: &apos;172.20.94.44&apos;, os.name: &apos;Windows 10&apos;, os.arch: &apos;amd64&apos;, os.version: &apos;10.0&apos;, java.version: &apos;1.8.0_144&apos;
Driver info: org.openqa.selenium.chrome.ChromeDriver
Capabilities [{applicationCacheEnabled=false, rotatable=false, mobileEmulationEnabled=false, networkConnectionEnabled=false, chrome={chromedriverVersion=2.36.540470 (e522d04694c7ebea4ba8821272dbef4f9b818c91), userDataDir=C:\Users\SRINIR~1.SOL\AppData\Local\Temp\scoped_dir21472_25415}, takesHeapSnapshot=true, pageLoadStrategy=normal, databaseEnabled=false, handlesAlerts=true, hasTouchScreen=false, version=68.0.3440.106, platform=XP, browserConnectionEnabled=false, nativeEvents=true, acceptSslCerts=false, acceptInsecureCerts=false, locationContextEnabled=true, webStorageEnabled=true, browserName=chrome, takesScreenshot=true, javascriptEnabled=true, cssSelectorsEnabled=true, setWindowRect=true, unexpectedAlertBehaviour=}]
Session ID: 1669c36bfbeb2f2c675119f6ed2f719f
	at org.openqa.selenium.remote.ErrorHandler.createThrowable(ErrorHandler.java:206)
	at org.openqa.selenium.remote.ErrorHandler.throwIfResponseFailed(ErrorHandler.java:158)
	at org.openqa.selenium.remote.RemoteWebDriver.execute(RemoteWebDriver.java:678)
	at org.openqa.selenium.remote.RemoteWebElement.execute(RemoteWebElement.java:327)
	at org.openqa.selenium.remote.RemoteWebElement.click(RemoteWebElement.java:85)
	at org.openqa.selenium.support.pagefactory.internal.LocatingElementHandler.invoke(LocatingElementHandler.java:51)
	at com.sun.proxy.$Proxy5.click(Unknown Source)
	at com.ScreenFunctions.Review_Importfiles.Review_Importfiles(Review_Importfiles.java:86)
	at com.TestScripts.Tc_04_PaymentImport.evaluateTestcase(Tc_04_PaymentImport.java:27)
... Removed 32 stack frames</pre></div><a href='#' onClick='toggleBox("stack-trace577245010", this, "Click to show all stack frames", "Click to hide stack frames")'>Click to show all stack frames</a>
<div class='stack-trace' id='stack-trace577245010'><pre>org.openqa.selenium.WebDriverException: unknown error: Element &lt;button class=&quot;btn btn-primary&quot; style=&quot;margin-left: 0px;&quot;&gt;...&lt;/button&gt; is not clickable at point (862, 325). Other element would receive the click: &lt;li style=&quot;overflow: hidden; background: url(&amp;quot;data:image/png;base64,iVBORw0KGgoAAAANSUhEUgAAABsAAAAoCAYAAAAPOoFWAAAAGXRFWHRTb2Z0d2FyZQBBZG9iZSBJbWFnZVJlYWR5ccllPAAAAPZJREFUeNq81tsOgjAMANB2ov7/7ypaN7IlIwi9rGuT8QSc9EIDAsAznxvY4pXPKr05RUE5MEVB+TyWfCEl9LZApYopCmo9C4FKSMtYoI8Bwv79aQJU4l6hXXCZrQbokJEksxHo9KMOgc6w1atHXM8K9DVC7FQnJ0i8iK3QooGgbnyKgMDygBWyYFZoqx4qS27KqLZJjA1D0jK6QJcYEQEiWv9PGkTsbqxQ8oT+ZtZB6AkdsJnQDnMoHXHLGKOgDYuCWmYhEERCI5gaamW0bnHdA3k2ltlIN+2qKRyCND0bhqSYCyTB3CAOc4WusBEIpkeBuPgJMAAX8Hs1NfqHRgAAAABJRU5ErkJggg==&amp;quot;) left top repeat-x scroll rgb(255, 234, 168); border-radius: 5px; border: 1px solid rgb(255, 194, 55); box-shadow: rgba(0, 0, 0, 0.1) 0px 2px 4px; color: rgb(130, 98, 0); width: 310px; height: 1.86742px;&quot; class=&quot;i-am-closing-now&quot;&gt;...&lt;/li&gt;
  (Session info: chrome=68.0.3440.106)
  (Driver info: chromedriver=2.36.540470 (e522d04694c7ebea4ba8821272dbef4f9b818c91),platform=Windows NT 10.0.15063 x86_64) (WARNING: The server did not provide any stacktrace information)
Command duration or timeout: 40 milliseconds
Build info: version: &apos;2.53.0&apos;, revision: &apos;35ae25b1534ae328c771e0856c93e187490ca824&apos;, time: &apos;2016-03-15 10:43:46&apos;
System info: host: &apos;SriniR_Dell&apos;, ip: &apos;172.20.94.44&apos;, os.name: &apos;Windows 10&apos;, os.arch: &apos;amd64&apos;, os.version: &apos;10.0&apos;, java.version: &apos;1.8.0_144&apos;
Driver info: org.openqa.selenium.chrome.ChromeDriver
Capabilities [{applicationCacheEnabled=false, rotatable=false, mobileEmulationEnabled=false, networkConnectionEnabled=false, chrome={chromedriverVersion=2.36.540470 (e522d04694c7ebea4ba8821272dbef4f9b818c91), userDataDir=C:\Users\SRINIR~1.SOL\AppData\Local\Temp\scoped_dir21472_25415}, takesHeapSnapshot=true, pageLoadStrategy=normal, databaseEnabled=false, handlesAlerts=true, hasTouchScreen=false, version=68.0.3440.106, platform=XP, browserConnectionEnabled=false, nativeEvents=true, acceptSslCerts=false, acceptInsecureCerts=false, locationContextEnabled=true, webStorageEnabled=true, browserName=chrome, takesScreenshot=true, javascriptEnabled=true, cssSelectorsEnabled=true, setWindowRect=true, unexpectedAlertBehaviour=}]
Session ID: 1669c36bfbeb2f2c675119f6ed2f719f
	at sun.reflect.NativeConstructorAccessorImpl.newInstance0(Native Method)
	at sun.reflect.NativeConstructorAccessorImpl.newInstance(Unknown Source)
	at sun.reflect.DelegatingConstructorAccessorImpl.newInstance(Unknown Source)
	at java.lang.reflect.Constructor.newInstance(Unknown Source)
	at org.openqa.selenium.remote.ErrorHandler.createThrowable(ErrorHandler.java:206)
	at org.openqa.selenium.remote.ErrorHandler.throwIfResponseFailed(ErrorHandler.java:158)
	at org.openqa.selenium.remote.RemoteWebDriver.execute(RemoteWebDriver.java:678)
	at org.openqa.selenium.remote.RemoteWebElement.execute(RemoteWebElement.java:327)
	at org.openqa.selenium.remote.RemoteWebElement.click(RemoteWebElement.java:85)
	at sun.reflect.GeneratedMethodAccessor9.invoke(Unknown Source)
	at sun.reflect.DelegatingMethodAccessorImpl.invoke(Unknown Source)
	at java.lang.reflect.Method.invoke(Unknown Source)
	at org.openqa.selenium.support.pagefactory.internal.LocatingElementHandler.invoke(LocatingElementHandler.java:51)
	at com.sun.proxy.$Proxy5.click(Unknown Source)
	at com.ScreenFunctions.Review_Importfiles.Review_Importfiles(Review_Importfiles.java:86)
	at com.TestScripts.Tc_04_PaymentImport.evaluateTestcase(Tc_04_PaymentImport.java:27)
	at sun.reflect.NativeMethodAccessorImpl.invoke0(Native Method)
	at sun.reflect.NativeMethodAccessorImpl.invoke(Unknown Source)
	at sun.reflect.DelegatingMethodAccessorImpl.invoke(Unknown Source)
	at java.lang.reflect.Method.invoke(Unknown Source)
	at org.testng.internal.MethodInvocationHelper.invokeMethod(MethodInvocationHelper.java:108)
	at org.testng.internal.Invoker.invokeMethod(Invoker.java:669)
	at org.testng.internal.Invoker.invokeTestMethod(Invoker.java:877)
	at org.testng.internal.Invoker.invokeTestMethods(Invoker.java:1201)
	at org.testng.internal.TestMethodWorker.invokeTestMethods(TestMethodWorker.java:125)
	at org.testng.internal.TestMethodWorker.run(TestMethodWorker.java:109)
	at org.testng.TestRunner.privateRun(TestRunner.java:776)
	at org.testng.TestRunner.run(TestRunner.java:634)
	at org.testng.SuiteRunner.runTest(SuiteRunner.java:425)
	at org.testng.SuiteRunner.runSequentially(SuiteRunner.java:420)
	at org.testng.SuiteRunner.privateRun(SuiteRunner.java:385)
	at org.testng.SuiteRunner.run(SuiteRunner.java:334)
	at org.testng.SuiteRunnerWorker.runSuite(SuiteRunnerWorker.java:52)
	at org.testng.SuiteRunnerWorker.run(SuiteRunnerWorker.java:86)
	at org.testng.TestNG.runSuitesSequentially(TestNG.java:1318)
	at org.testng.TestNG.runSuitesLocally(TestNG.java:1243)
	at org.testng.TestNG.runSuites(TestNG.java:1161)
	at org.testng.TestNG.run(TestNG.java:1129)
	at org.testng.remote.AbstractRemoteTestNG.run(AbstractRemoteTestNG.java:114)
	at org.testng.remote.RemoteTestNG.initAndRun(RemoteTestNG.java:251)
	at org.testng.remote.RemoteTestNG.main(RemoteTestNG.java:77)
</pre></div></td>
<td>183</td>
<td>com.TestScripts.Tc_04_PaymentImport@4bec1f0c</td></tr>
</table><p>
<table width='100%' border='1' class='invocation-passed'>
<tr><td colspan='4' align='center'><b>PASSED TESTS</b></td></tr>
<tr><td><b>Test method</b></td>
<td width="30%"><b>Exception</b></td>
<td width="10%"><b>Time (seconds)</b></td>
<td><b>Instance</b></td>
</tr>
<tr>
<td title='com.TestScripts.Tc_03_CollectionImport.evaluateTestcase()'><b>evaluateTestcase</b><br>Test class: com.TestScripts.Tc_03_CollectionImport</td>
<td></td>
<td>82</td>
<td>com.TestScripts.Tc_03_CollectionImport@4b952a2d</td></tr>
</table><p>
</body>
</html>